<?xml version="1.0" encoding="UTF-8"?>
<!-- Generated by org.testng.reporters.JUnitReportReporter -->
<testsuite skipped="0" hostname="LAPTOP-LSCBCDPG" name="testng.testSuite.TestCase_001_ValidateSelectAndValidateTheProduct" tests="1" failures="0" timestamp="2022-01-10T12:01:32 EET" time="128.142" errors="0">
  <testcase name="TestCase_Number_001" time="128.142" classname="testng.testSuite.TestCase_001_ValidateSelectAndValidateTheProduct"/>
</testsuite> <!-- testng.testSuite.TestCase_001_ValidateSelectAndValidateTheProduct -->
