<?xml version="1.0" encoding="UTF-8"?>
<!-- Generated by org.testng.reporters.JUnitReportReporter -->
<testsuite skipped="0" hostname="LAPTOP-LSCBCDPG" name="com.adidas.test.com.adidas.test.cucumber.api.testngsuite.Testcase003_putMethodExecution" tests="1" failures="0" timestamp="2022-01-09T19:50:38 EET" time="5.028" errors="0">
  <testcase name="putMethodExecution" time="5.028" classname="com.adidas.test.com.adidas.test.cucumber.api.testngsuite.Testcase003_putMethodExecution"/>
</testsuite> <!-- com.adidas.test.com.adidas.test.cucumber.api.testngsuite.Testcase003_putMethodExecution -->
