<?xml version="1.0" encoding="UTF-8"?>
<!-- Generated by org.testng.reporters.JUnitReportReporter -->
<testsuite skipped="0" hostname="LAPTOP-LSCBCDPG" name="com.adidas.test.com.adidas.test.cucumber.api.testngsuite.Testcase004_deleteMethodExecution" tests="1" failures="0" timestamp="2022-01-09T19:51:22 EET" time="4.511" errors="0">
  <testcase name="deleteMethodExecution" time="4.511" classname="com.adidas.test.com.adidas.test.cucumber.api.testngsuite.Testcase004_deleteMethodExecution"/>
</testsuite> <!-- com.adidas.test.com.adidas.test.cucumber.api.testngsuite.Testcase004_deleteMethodExecution -->
