<?xml version="1.0" encoding="UTF-8"?>
<!-- Generated by org.testng.reporters.JUnitReportReporter -->
<testsuite skipped="0" hostname="LAPTOP-LSCBCDPG" name="com.adidas.test.com.adidas.test.cucumber.api.testngsuite.Testcase002_postMethodExecution" tests="1" failures="0" timestamp="2022-01-09T19:45:37 EET" time="6.804" errors="0">
  <testcase name="postMethodExecution" time="6.804" classname="com.adidas.test.com.adidas.test.cucumber.api.testngsuite.Testcase002_postMethodExecution"/>
</testsuite> <!-- com.adidas.test.com.adidas.test.cucumber.api.testngsuite.Testcase002_postMethodExecution -->
