<?xml version="1.0" encoding="UTF-8"?>
<!-- Generated by org.testng.reporters.JUnitReportReporter -->
<testsuite skipped="0" hostname="LAPTOP-LSCBCDPG" name="com.adidas.test.com.adidas.test.cucumber.api.testngsuite.Testcase001_getMethodExecution" tests="1" failures="0" timestamp="2022-01-03T18:36:46 EET" time="6.418" errors="0">
  <testcase name="getMethodExecution" time="6.418" classname="com.adidas.test.com.adidas.test.cucumber.api.testngsuite.Testcase001_getMethodExecution"/>
</testsuite> <!-- com.adidas.test.com.adidas.test.cucumber.api.testngsuite.Testcase001_getMethodExecution -->
